<?xml version="1.0" encoding="UTF-8"?>
<coverage generated="1769988996130" clover="3.2.0">
  <project timestamp="1769988996130" name="All files">
    <metrics statements="29" coveredstatements="23" conditionals="18" coveredconditionals="15" methods="9" coveredmethods="7" elements="56" coveredelements="45" complexity="0" loc="29" ncloc="29" packages="1" files="1" classes="1"/>
    <file name="imc.js" path="C:\Users\7750595\OneDrive - UNIVALI\Documentos\Pessoal\estudos\javascript\calculadora_imc\src\assets\js\modules\imc.js">
      <metrics statements="29" coveredstatements="23" conditionals="18" coveredconditionals="15" methods="9" coveredmethods="7"/>
      <line num="12" count="3" type="stmt"/>
      <line num="13" count="3" type="stmt"/>
      <line num="14" count="3" type="stmt"/>
      <line num="15" count="3" type="stmt"/>
      <line num="16" count="3" type="stmt"/>
      <line num="18" count="3" type="stmt"/>
      <line num="19" count="3" type="stmt"/>
      <line num="23" count="3" type="stmt"/>
      <line num="28" count="3" type="stmt"/>
      <line num="30" count="3" type="cond" truecount="1" falsecount="1"/>
      <line num="31" count="0" type="stmt"/>
      <line num="34" count="3" type="cond" truecount="4" falsecount="0"/>
      <line num="35" count="1" type="stmt"/>
      <line num="38" count="3" type="cond" truecount="4" falsecount="0"/>
      <line num="39" count="1" type="stmt"/>
      <line num="42" count="3" type="cond" truecount="4" falsecount="0"/>
      <line num="43" count="1" type="stmt"/>
      <line num="46" count="3" type="cond" truecount="2" falsecount="2"/>
      <line num="47" count="0" type="stmt"/>
      <line num="52" count="0" type="stmt"/>
      <line num="56" count="0" type="stmt"/>
      <line num="60" count="1" type="stmt"/>
      <line num="64" count="1" type="stmt"/>
      <line num="68" count="0" type="stmt"/>
      <line num="72" count="1" type="stmt"/>
      <line num="76" count="1" type="stmt"/>
      <line num="80" count="5" type="stmt"/>
      <line num="84" count="3" type="stmt"/>
      <line num="88" count="0" type="stmt"/>
    </file>
  </project>
</coverage>
