<?xml version="1.0" encoding="UTF-8"?>
<coverage generated="1768002924848" clover="3.2.0">
  <project timestamp="1768002924848" name="All files">
    <metrics statements="28" coveredstatements="22" conditionals="18" coveredconditionals="13" methods="9" coveredmethods="7" elements="55" coveredelements="42" complexity="0" loc="28" ncloc="28" packages="1" files="1" classes="1"/>
    <file name="imc.js" path="C:\Users\7750595\OneDrive - UNIVALI\Documentos\Pessoal\estudos\javascript\calculadora_imc\src\assets\js\modules\imc.js">
      <metrics statements="28" coveredstatements="22" conditionals="18" coveredconditionals="13" methods="9" coveredmethods="7"/>
      <line num="11" count="2" type="stmt"/>
      <line num="12" count="2" type="stmt"/>
      <line num="13" count="2" type="stmt"/>
      <line num="14" count="2" type="stmt"/>
      <line num="15" count="2" type="stmt"/>
      <line num="17" count="2" type="stmt"/>
      <line num="18" count="2" type="stmt"/>
      <line num="22" count="2" type="stmt"/>
      <line num="27" count="2" type="stmt"/>
      <line num="29" count="2" type="cond" truecount="1" falsecount="1"/>
      <line num="30" count="0" type="stmt"/>
      <line num="33" count="2" type="cond" truecount="4" falsecount="0"/>
      <line num="34" count="1" type="stmt"/>
      <line num="37" count="2" type="cond" truecount="4" falsecount="0"/>
      <line num="38" count="1" type="stmt"/>
      <line num="41" count="2" type="cond" truecount="2" falsecount="2"/>
      <line num="42" count="0" type="stmt"/>
      <line num="45" count="2" type="cond" truecount="2" falsecount="2"/>
      <line num="46" count="0" type="stmt"/>
      <line num="51" count="0" type="stmt"/>
      <line num="55" count="1" type="stmt"/>
      <line num="59" count="1" type="stmt"/>
      <line num="63" count="0" type="stmt"/>
      <line num="67" count="1" type="stmt"/>
      <line num="71" count="1" type="stmt"/>
      <line num="75" count="3" type="stmt"/>
      <line num="79" count="2" type="stmt"/>
      <line num="83" count="0" type="stmt"/>
    </file>
  </project>
</coverage>
