{"C:\\Users\\7750595\\OneDrive - UNIVALI\\Documentos\\Pessoal\\estudos\\javascript\\calculadora_imc\\src\\assets\\js\\modules\\imc.js": {"path":"C:\\Users\\7750595\\OneDrive - UNIVALI\\Documentos\\Pessoal\\estudos\\javascript\\calculadora_imc\\src\\assets\\js\\modules\\imc.js","statementMap":{"0":{"start":{"line":11,"column":4},"end":{"line":11,"column":18}},"1":{"start":{"line":12,"column":4},"end":{"line":12,"column":22}},"2":{"start":{"line":13,"column":4},"end":{"line":13,"column":28}},"3":{"start":{"line":14,"column":4},"end":{"line":14,"column":34}},"4":{"start":{"line":15,"column":4},"end":{"line":15,"column":38}},"5":{"start":{"line":17,"column":4},"end":{"line":17,"column":21}},"6":{"start":{"line":18,"column":4},"end":{"line":18,"column":24}},"7":{"start":{"line":22,"column":4},"end":{"line":23,"column":69}},"8":{"start":{"line":27,"column":4},"end":{"line":27,"column":57}},"9":{"start":{"line":29,"column":4},"end":{"line":31,"column":5}},"10":{"start":{"line":30,"column":6},"end":{"line":30,"column":45}},"11":{"start":{"line":33,"column":4},"end":{"line":35,"column":5}},"12":{"start":{"line":34,"column":6},"end":{"line":34,"column":42}},"13":{"start":{"line":37,"column":4},"end":{"line":39,"column":5}},"14":{"start":{"line":38,"column":6},"end":{"line":38,"column":40}},"15":{"start":{"line":41,"column":4},"end":{"line":43,"column":5}},"16":{"start":{"line":42,"column":6},"end":{"line":42,"column":47}},"17":{"start":{"line":45,"column":4},"end":{"line":47,"column":5}},"18":{"start":{"line":46,"column":6},"end":{"line":46,"column":48}},"19":{"start":{"line":51,"column":4},"end":{"line":51,"column":56}},"20":{"start":{"line":55,"column":4},"end":{"line":55,"column":20}},"21":{"start":{"line":59,"column":4},"end":{"line":59,"column":22}},"22":{"start":{"line":63,"column":4},"end":{"line":63,"column":22}},"23":{"start":{"line":67,"column":4},"end":{"line":67,"column":22}},"24":{"start":{"line":71,"column":4},"end":{"line":71,"column":24}},"25":{"start":{"line":75,"column":4},"end":{"line":75,"column":24}},"26":{"start":{"line":79,"column":4},"end":{"line":79,"column":31}},"27":{"start":{"line":83,"column":4},"end":{"line":91,"column":6}}},"fnMap":{"0":{"name":"(anonymous_0)","decl":{"start":{"line":10,"column":2},"end":{"line":10,"column":3}},"loc":{"start":{"line":10,"column":38},"end":{"line":19,"column":3}},"line":10},"1":{"name":"(anonymous_1)","decl":{"start":{"line":54,"column":2},"end":{"line":54,"column":3}},"loc":{"start":{"line":54,"column":11},"end":{"line":56,"column":3}},"line":54},"2":{"name":"(anonymous_2)","decl":{"start":{"line":58,"column":2},"end":{"line":58,"column":3}},"loc":{"start":{"line":58,"column":13},"end":{"line":60,"column":3}},"line":58},"3":{"name":"(anonymous_3)","decl":{"start":{"line":62,"column":2},"end":{"line":62,"column":3}},"loc":{"start":{"line":62,"column":13},"end":{"line":64,"column":3}},"line":62},"4":{"name":"(anonymous_4)","decl":{"start":{"line":66,"column":2},"end":{"line":66,"column":3}},"loc":{"start":{"line":66,"column":13},"end":{"line":68,"column":3}},"line":66},"5":{"name":"(anonymous_5)","decl":{"start":{"line":70,"column":2},"end":{"line":70,"column":3}},"loc":{"start":{"line":70,"column":15},"end":{"line":72,"column":3}},"line":70},"6":{"name":"(anonymous_6)","decl":{"start":{"line":74,"column":2},"end":{"line":74,"column":3}},"loc":{"start":{"line":74,"column":15},"end":{"line":76,"column":3}},"line":74},"7":{"name":"(anonymous_7)","decl":{"start":{"line":78,"column":2},"end":{"line":78,"column":3}},"loc":{"start":{"line":78,"column":22},"end":{"line":80,"column":3}},"line":78},"8":{"name":"(anonymous_8)","decl":{"start":{"line":82,"column":2},"end":{"line":82,"column":3}},"loc":{"start":{"line":82,"column":11},"end":{"line":92,"column":3}},"line":82}},"branchMap":{"0":{"loc":{"start":{"line":29,"column":4},"end":{"line":31,"column":5}},"type":"if","locations":[{"start":{"line":29,"column":4},"end":{"line":31,"column":5}},{"start":{},"end":{}}],"line":29},"1":{"loc":{"start":{"line":33,"column":4},"end":{"line":35,"column":5}},"type":"if","locations":[{"start":{"line":33,"column":4},"end":{"line":35,"column":5}},{"start":{},"end":{}}],"line":33},"2":{"loc":{"start":{"line":33,"column":8},"end":{"line":33,"column":52}},"type":"binary-expr","locations":[{"start":{"line":33,"column":8},"end":{"line":33,"column":28}},{"start":{"line":33,"column":32},"end":{"line":33,"column":52}}],"line":33},"3":{"loc":{"start":{"line":37,"column":4},"end":{"line":39,"column":5}},"type":"if","locations":[{"start":{"line":37,"column":4},"end":{"line":39,"column":5}},{"start":{},"end":{}}],"line":37},"4":{"loc":{"start":{"line":37,"column":8},"end":{"line":37,"column":50}},"type":"binary-expr","locations":[{"start":{"line":37,"column":8},"end":{"line":37,"column":26}},{"start":{"line":37,"column":30},"end":{"line":37,"column":50}}],"line":37},"5":{"loc":{"start":{"line":41,"column":4},"end":{"line":43,"column":5}},"type":"if","locations":[{"start":{"line":41,"column":4},"end":{"line":43,"column":5}},{"start":{},"end":{}}],"line":41},"6":{"loc":{"start":{"line":41,"column":8},"end":{"line":41,"column":50}},"type":"binary-expr","locations":[{"start":{"line":41,"column":8},"end":{"line":41,"column":26}},{"start":{"line":41,"column":30},"end":{"line":41,"column":50}}],"line":41},"7":{"loc":{"start":{"line":45,"column":4},"end":{"line":47,"column":5}},"type":"if","locations":[{"start":{"line":45,"column":4},"end":{"line":47,"column":5}},{"start":{},"end":{}}],"line":45},"8":{"loc":{"start":{"line":45,"column":8},"end":{"line":45,"column":50}},"type":"binary-expr","locations":[{"start":{"line":45,"column":8},"end":{"line":45,"column":26}},{"start":{"line":45,"column":30},"end":{"line":45,"column":50}}],"line":45}},"s":{"0":2,"1":2,"2":2,"3":2,"4":2,"5":2,"6":2,"7":2,"8":2,"9":2,"10":0,"11":2,"12":1,"13":2,"14":1,"15":2,"16":0,"17":2,"18":0,"19":0,"20":1,"21":1,"22":0,"23":1,"24":1,"25":3,"26":2,"27":0},"f":{"0":2,"1":1,"2":1,"3":0,"4":1,"5":1,"6":3,"7":2,"8":0},"b":{"0":[0,2],"1":[1,1],"2":[2,2],"3":[1,1],"4":[2,1],"5":[0,2],"6":[2,0],"7":[0,2],"8":[2,0]},"_coverageSchema":"1a1c01bbd47fc00a2c39e90264f33305004495a9","hash":"9dd761c690d4275a4e2351ca3f83ef95e2c92ee7"}
}
