TN:
SF:src\assets\js\modules\imc.js
FN:11,(anonymous_0)
FN:59,(anonymous_1)
FN:63,(anonymous_2)
FN:67,(anonymous_3)
FN:71,(anonymous_4)
FN:75,(anonymous_5)
FN:79,(anonymous_6)
FN:83,(anonymous_7)
FN:87,(anonymous_8)
FNF:9
FNH:7
FNDA:3,(anonymous_0)
FNDA:1,(anonymous_1)
FNDA:1,(anonymous_2)
FNDA:0,(anonymous_3)
FNDA:1,(anonymous_4)
FNDA:1,(anonymous_5)
FNDA:5,(anonymous_6)
FNDA:3,(anonymous_7)
FNDA:0,(anonymous_8)
DA:12,3
DA:13,3
DA:14,3
DA:15,3
DA:16,3
DA:18,3
DA:19,3
DA:23,3
DA:28,3
DA:30,3
DA:31,0
DA:34,3
DA:35,1
DA:38,3
DA:39,1
DA:42,3
DA:43,1
DA:46,3
DA:47,0
DA:52,0
DA:56,0
DA:60,1
DA:64,1
DA:68,0
DA:72,1
DA:76,1
DA:80,5
DA:84,3
DA:88,0
LF:29
LH:23
BRDA:30,0,0,0
BRDA:30,0,1,3
BRDA:34,1,0,1
BRDA:34,1,1,2
BRDA:34,2,0,3
BRDA:34,2,1,3
BRDA:38,3,0,1
BRDA:38,3,1,2
BRDA:38,4,0,3
BRDA:38,4,1,2
BRDA:42,5,0,1
BRDA:42,5,1,2
BRDA:42,6,0,3
BRDA:42,6,1,1
BRDA:46,7,0,0
BRDA:46,7,1,3
BRDA:46,8,0,3
BRDA:46,8,1,0
BRF:18
BRH:15
end_of_record
