TN:
SF:src\assets\js\modules\imc.js
FN:10,(anonymous_0)
FN:54,(anonymous_1)
FN:58,(anonymous_2)
FN:62,(anonymous_3)
FN:66,(anonymous_4)
FN:70,(anonymous_5)
FN:74,(anonymous_6)
FN:78,(anonymous_7)
FN:82,(anonymous_8)
FNF:9
FNH:7
FNDA:2,(anonymous_0)
FNDA:1,(anonymous_1)
FNDA:1,(anonymous_2)
FNDA:0,(anonymous_3)
FNDA:1,(anonymous_4)
FNDA:1,(anonymous_5)
FNDA:3,(anonymous_6)
FNDA:2,(anonymous_7)
FNDA:0,(anonymous_8)
DA:11,2
DA:12,2
DA:13,2
DA:14,2
DA:15,2
DA:17,2
DA:18,2
DA:22,2
DA:27,2
DA:29,2
DA:30,0
DA:33,2
DA:34,1
DA:37,2
DA:38,1
DA:41,2
DA:42,0
DA:45,2
DA:46,0
DA:51,0
DA:55,1
DA:59,1
DA:63,0
DA:67,1
DA:71,1
DA:75,3
DA:79,2
DA:83,0
LF:28
LH:22
BRDA:29,0,0,0
BRDA:29,0,1,2
BRDA:33,1,0,1
BRDA:33,1,1,1
BRDA:33,2,0,2
BRDA:33,2,1,2
BRDA:37,3,0,1
BRDA:37,3,1,1
BRDA:37,4,0,2
BRDA:37,4,1,1
BRDA:41,5,0,0
BRDA:41,5,1,2
BRDA:41,6,0,2
BRDA:41,6,1,0
BRDA:45,7,0,0
BRDA:45,7,1,2
BRDA:45,8,0,2
BRDA:45,8,1,0
BRF:18
BRH:13
end_of_record
